{"level":"info","message":"⌛ Building environment","timeElapsed":706,"timestamp":"2024-08-30T11:52:38.763Z"}
{"level":"info","message":"onRequest - WORKSPACE_URI:file:///home/rata/UTN/Carrera/2024/Paradigmas_de_Programacion/Objetos/clases","timestamp":"2024-08-30T11:52:38.829Z"}
{"level":"info","message":"⌛ Building environment","timeElapsed":546,"timestamp":"2024-08-30T11:52:39.393Z"}
{"level":"info","message":"⌛ Validating clase2.wlk","timeElapsed":628,"timestamp":"2024-08-30T11:52:40.041Z"}
{"level":"info","message":"⌛ Building environment","timeElapsed":387,"timestamp":"2024-08-30T11:52:40.435Z"}
{"level":"info","message":"⌛ Validating clase2.wlk","timeElapsed":383,"timestamp":"2024-08-30T11:52:40.848Z"}
{"level":"info","message":"⌛ Building environment","timeElapsed":555,"timestamp":"2024-08-30T11:53:00.421Z"}
{"level":"info","message":"⌛ Autocomplete - Singleton","timeElapsed":227,"timestamp":"2024-08-30T11:53:00.676Z"}
{"level":"info","message":"⌛ Building environment","timeElapsed":457,"timestamp":"2024-08-30T11:53:01.135Z"}
{"level":"info","message":"⌛ Building environment","timeElapsed":436,"timestamp":"2024-08-30T11:53:01.635Z"}
{"level":"info","message":"⌛ Validating clase2.wlk","timeElapsed":525,"timestamp":"2024-08-30T11:53:02.166Z"}
{"level":"info","message":"⌛ Building environment","timeElapsed":259,"timestamp":"2024-08-30T11:53:02.474Z"}
{"level":"info","message":"⌛ Autocomplete - Singleton","timeElapsed":266,"timestamp":"2024-08-30T11:53:02.754Z"}
{"level":"info","message":"⌛ Validating clase2.wlk","timeElapsed":675,"timestamp":"2024-08-30T11:53:03.435Z"}
{"level":"info","message":"⌛ Building environment","timeElapsed":442,"timestamp":"2024-08-30T11:53:03.879Z"}
{"level":"info","message":"⌛ Autocomplete - Singleton","timeElapsed":104,"timestamp":"2024-08-30T11:53:04.062Z"}
{"level":"info","message":"⌛ Building environment","timeElapsed":374,"timestamp":"2024-08-30T11:53:04.450Z"}
{"level":"info","message":"⌛ Building environment","timeElapsed":235,"timestamp":"2024-08-30T11:53:04.759Z"}
{"level":"info","message":"⌛ Validating clase2.wlk","timeElapsed":356,"timestamp":"2024-08-30T11:53:05.146Z"}
{"level":"info","message":"⌛ Building environment","timeElapsed":378,"timestamp":"2024-08-30T11:53:05.564Z"}
{"level":"info","message":"⌛ Validating clase2.wlk","timeElapsed":557,"timestamp":"2024-08-30T11:53:06.131Z"}
{"level":"info","message":"⌛ Building environment","timeElapsed":455,"timestamp":"2024-08-30T11:53:06.592Z"}
{"level":"info","message":"⌛ Autocomplete - Singleton","timeElapsed":477,"timestamp":"2024-08-30T11:53:07.088Z"}
{"level":"info","message":"⌛ Building environment","timeElapsed":530,"timestamp":"2024-08-30T11:53:07.620Z"}
{"level":"info","message":"⌛ Building environment","timeElapsed":363,"timestamp":"2024-08-30T11:53:08.092Z"}
{"level":"info","message":"⌛ Autocomplete - Singleton","timeElapsed":108,"timestamp":"2024-08-30T11:53:08.202Z"}
{"level":"info","message":"⌛ Building environment","timeElapsed":275,"timestamp":"2024-08-30T11:53:08.479Z"}
{"level":"info","message":"⌛ Building environment","timeElapsed":277,"timestamp":"2024-08-30T11:53:08.761Z"}
{"level":"info","message":"⌛ Building environment","timeElapsed":447,"timestamp":"2024-08-30T11:53:09.218Z"}
{"level":"info","message":"⌛ Building environment","timeElapsed":750,"timestamp":"2024-08-30T11:53:10.046Z"}
{"level":"info","message":"⌛ Validating clase2.wlk","timeElapsed":727,"timestamp":"2024-08-30T11:53:11.058Z"}
{"level":"info","message":"⌛ Validating clase2.wlk","timeElapsed":402,"timestamp":"2024-08-30T11:53:11.462Z"}
{"level":"info","message":"⌛ Validating clase2.wlk","timeElapsed":533,"timestamp":"2024-08-30T11:53:11.996Z"}
{"level":"info","message":"⌛ Validating clase2.wlk","timeElapsed":709,"timestamp":"2024-08-30T11:53:12.712Z"}
{"level":"info","message":"⌛ Validating clase2.wlk","timeElapsed":595,"timestamp":"2024-08-30T11:53:13.308Z"}
{"level":"info","message":"⌛ Validating clase2.wlk","timeElapsed":430,"timestamp":"2024-08-30T11:53:13.743Z"}
{"level":"info","message":"⌛ Validating clase2.wlk","timeElapsed":644,"timestamp":"2024-08-30T11:53:14.388Z"}
{"level":"info","message":"⌛ Validating clase2.wlk","timeElapsed":442,"timestamp":"2024-08-30T11:53:14.832Z"}
{"level":"info","message":"⌛ Validating clase2.wlk","timeElapsed":781,"timestamp":"2024-08-30T11:53:15.615Z"}
{"level":"info","message":"⌛ Validating clase2.wlk","timeElapsed":486,"timestamp":"2024-08-30T11:53:16.108Z"}
{"level":"info","message":"⌛ Validating clase2.wlk","timeElapsed":365,"timestamp":"2024-08-30T11:53:16.474Z"}
{"level":"info","message":"⌛ Building environment","timeElapsed":944,"timestamp":"2024-08-30T11:53:51.488Z"}
{"level":"info","message":"⌛ Validating clase2.wlk","timeElapsed":1001,"timestamp":"2024-08-30T11:53:52.496Z"}
{"level":"error","message":"✘ Failed to get type description: Error: Failed to print, found malformed node Failed to print, found malformed node","node":{"id":"6f8e238c-c18d-4155-9e9c-1e7c46620b64","members":[],"metadata":[],"name":"pepita","problems":[{"code":"malformedMember","sourceMap":{"end":{"column":0,"line":3,"offset":27},"start":{"column":5,"line":2,"offset":20}}}],"scope":{"containerScope":{"containerScope":{"contributions":{},"includedScopes":[]},"contributions":{},"includedScopes":[]},"contributions":{},"includedScopes":[{"containerScope":{"containerScope":{"containerScope":{"contributions":{},"includedScopes":[]},"contributions":{},"includedScopes":[]},"contributions":{},"includedScopes":[]},"contributions":{},"includedScopes":[]}]},"sourceMap":{"end":{"column":2,"line":3,"offset":29},"start":{"column":1,"line":1,"offset":0}},"supertypes":[]},"stack":"Error: Failed to print, found malformed node\n    at /home/rata/.vscode-oss/extensions/uqbar.wollok-lsp-ide-0.3.3/node_modules/wollok-ts/dist/printer/print.js:26:15\n    at print (/home/rata/.vscode-oss/extensions/uqbar.wollok-lsp-ide-0.3.3/node_modules/wollok-ts/dist/printer/print.js:19:7)\n    at /home/rata/.vscode-oss/extensions/uqbar.wollok-lsp-ide-0.3.3/server/out/functionalities/hover.js:24:50\n    at /home/rata/.vscode-oss/extensions/uqbar.wollok-lsp-ide-0.3.3/server/out/server.js:198:20\n    at /home/rata/.vscode-oss/extensions/uqbar.wollok-lsp-ide-0.3.3/server/node_modules/vscode-languageserver/lib/common/server.js:590:20\n    at handleRequest (/home/rata/.vscode-oss/extensions/uqbar.wollok-lsp-ide-0.3.3/server/node_modules/vscode-jsonrpc/lib/common/connection.js:493:41)\n    at handleMessage (/home/rata/.vscode-oss/extensions/uqbar.wollok-lsp-ide-0.3.3/server/node_modules/vscode-jsonrpc/lib/common/connection.js:339:13)\n    at processMessageQueue (/home/rata/.vscode-oss/extensions/uqbar.wollok-lsp-ide-0.3.3/server/node_modules/vscode-jsonrpc/lib/common/connection.js:362:17)\n    at Immediate._onImmediate (/home/rata/.vscode-oss/extensions/uqbar.wollok-lsp-ide-0.3.3/server/node_modules/vscode-jsonrpc/lib/common/connection.js:334:13)\n    at process.processImmediate (node:internal/timers:478:21)","timestamp":"2024-08-30T11:54:05.969Z"}
{"level":"info","message":"⌛ Building environment","timeElapsed":407,"timestamp":"2024-08-30T11:54:08.886Z"}
{"level":"info","message":"⌛ Autocomplete - Singleton","timeElapsed":237,"timestamp":"2024-08-30T11:54:09.249Z"}
{"level":"info","message":"⌛ Building environment","timeElapsed":319,"timestamp":"2024-08-30T11:54:09.571Z"}
{"level":"info","message":"⌛ Building environment","timeElapsed":387,"timestamp":"2024-08-30T11:54:10.012Z"}
{"level":"info","message":"⌛ Validating clase2.wlk","timeElapsed":652,"timestamp":"2024-08-30T11:54:10.728Z"}
{"level":"info","message":"⌛ Building environment","timeElapsed":418,"timestamp":"2024-08-30T11:54:11.198Z"}
{"level":"info","message":"⌛ Building environment","timeElapsed":276,"timestamp":"2024-08-30T11:54:11.553Z"}
{"level":"info","message":"⌛ Building environment","timeElapsed":473,"timestamp":"2024-08-30T11:54:12.033Z"}
{"level":"info","message":"⌛ Validating clase2.wlk","timeElapsed":450,"timestamp":"2024-08-30T11:54:12.586Z"}
{"level":"info","message":"⌛ Building environment","timeElapsed":427,"timestamp":"2024-08-30T11:54:13.019Z"}
{"level":"info","message":"⌛ Validating clase2.wlk","timeElapsed":500,"timestamp":"2024-08-30T11:54:13.576Z"}
{"level":"info","message":"⌛ Building environment","timeElapsed":263,"timestamp":"2024-08-30T11:54:13.842Z"}
{"level":"info","message":"⌛ Building environment","timeElapsed":671,"timestamp":"2024-08-30T11:54:14.538Z"}
{"level":"info","message":"⌛ Building environment","timeElapsed":284,"timestamp":"2024-08-30T11:54:14.919Z"}
{"level":"info","message":"⌛ Autocomplete - Singleton","timeElapsed":123,"timestamp":"2024-08-30T11:54:15.059Z"}
{"level":"info","message":"⌛ Building environment","timeElapsed":382,"timestamp":"2024-08-30T11:54:15.442Z"}
{"level":"info","message":"⌛ Building environment","timeElapsed":443,"timestamp":"2024-08-30T11:54:15.895Z"}
{"level":"info","message":"⌛ Autocomplete - Singleton","timeElapsed":152,"timestamp":"2024-08-30T11:54:16.052Z"}
{"level":"info","message":"⌛ Building environment","timeElapsed":268,"timestamp":"2024-08-30T11:54:16.323Z"}
{"level":"info","message":"⌛ Building environment","timeElapsed":217,"timestamp":"2024-08-30T11:54:16.583Z"}
{"level":"info","message":"⌛ Validating clase2.wlk","timeElapsed":779,"timestamp":"2024-08-30T11:54:17.365Z"}
{"level":"info","message":"⌛ Building environment","timeElapsed":320,"timestamp":"2024-08-30T11:54:17.686Z"}
{"level":"info","message":"⌛ Building environment","timeElapsed":436,"timestamp":"2024-08-30T11:54:18.178Z"}
{"level":"info","message":"⌛ Validating clase2.wlk","timeElapsed":386,"timestamp":"2024-08-30T11:54:18.605Z"}
{"level":"info","message":"⌛ Building environment","timeElapsed":698,"timestamp":"2024-08-30T11:54:19.369Z"}
{"level":"info","message":"⌛ Building environment","timeElapsed":512,"timestamp":"2024-08-30T11:54:19.893Z"}
{"level":"info","message":"⌛ Validating clase2.wlk","timeElapsed":514,"timestamp":"2024-08-30T11:54:20.409Z"}
{"level":"info","message":"⌛ Building environment","timeElapsed":233,"timestamp":"2024-08-30T11:54:20.653Z"}
{"level":"info","message":"⌛ Validating clase2.wlk","timeElapsed":371,"timestamp":"2024-08-30T11:54:21.143Z"}
{"level":"info","message":"⌛ Building environment","timeElapsed":212,"timestamp":"2024-08-30T11:54:21.356Z"}
{"level":"info","message":"⌛ Building environment","timeElapsed":197,"timestamp":"2024-08-30T11:54:21.626Z"}
{"level":"info","message":"⌛ Building environment","timeElapsed":239,"timestamp":"2024-08-30T11:54:21.867Z"}
{"level":"info","message":"⌛ Building environment","timeElapsed":415,"timestamp":"2024-08-30T11:54:22.285Z"}
{"level":"info","message":"⌛ Building environment","timeElapsed":376,"timestamp":"2024-08-30T11:54:22.666Z"}
{"level":"info","message":"⌛ Validating clase2.wlk","timeElapsed":507,"timestamp":"2024-08-30T11:54:23.220Z"}
{"level":"info","message":"⌛ Building environment","timeElapsed":1564,"timestamp":"2024-08-30T11:54:24.790Z"}
{"level":"info","message":"⌛ Validating clase2.wlk","timeElapsed":1441,"timestamp":"2024-08-30T11:54:26.302Z"}
{"level":"info","message":"⌛ Validating clase2.wlk","timeElapsed":876,"timestamp":"2024-08-30T11:54:27.231Z"}
{"level":"info","message":"⌛ Building environment","timeElapsed":545,"timestamp":"2024-08-30T11:54:27.781Z"}
{"level":"info","message":"⌛ Building environment","timeElapsed":756,"timestamp":"2024-08-30T11:54:28.542Z"}
{"level":"info","message":"⌛ Building environment","timeElapsed":301,"timestamp":"2024-08-30T11:54:28.849Z"}
{"level":"info","message":"⌛ Validating clase2.wlk","timeElapsed":847,"timestamp":"2024-08-30T11:54:29.698Z"}
{"level":"info","message":"⌛ Validating clase2.wlk","timeElapsed":408,"timestamp":"2024-08-30T11:54:30.122Z"}
{"level":"info","message":"⌛ Building environment","timeElapsed":206,"timestamp":"2024-08-30T11:54:30.330Z"}
{"level":"info","message":"⌛ Validating clase2.wlk","timeElapsed":316,"timestamp":"2024-08-30T11:54:30.648Z"}
{"level":"info","message":"⌛ Validating clase2.wlk","timeElapsed":294,"timestamp":"2024-08-30T11:54:30.956Z"}
{"level":"info","message":"⌛ Building environment","timeElapsed":230,"timestamp":"2024-08-30T11:54:31.193Z"}
{"level":"info","message":"⌛ Building environment","timeElapsed":223,"timestamp":"2024-08-30T11:54:31.447Z"}
{"level":"info","message":"⌛ Building environment","timeElapsed":238,"timestamp":"2024-08-30T11:54:31.703Z"}
{"level":"info","message":"⌛ Building environment","timeElapsed":274,"timestamp":"2024-08-30T11:54:32.002Z"}
{"level":"info","message":"⌛ Validating clase2.wlk","timeElapsed":347,"timestamp":"2024-08-30T11:54:32.355Z"}
{"level":"info","message":"⌛ Validating clase2.wlk","timeElapsed":277,"timestamp":"2024-08-30T11:54:32.641Z"}
{"level":"info","message":"⌛ Validating clase2.wlk","timeElapsed":362,"timestamp":"2024-08-30T11:54:33.009Z"}
{"level":"info","message":"⌛ Validating clase2.wlk","timeElapsed":357,"timestamp":"2024-08-30T11:54:33.369Z"}
{"level":"info","message":"⌛ Validating clase2.wlk","timeElapsed":296,"timestamp":"2024-08-30T11:54:33.666Z"}
{"level":"info","message":"⌛ Validating clase2.wlk","timeElapsed":528,"timestamp":"2024-08-30T11:54:34.247Z"}
{"level":"info","message":"⌛ Validating clase2.wlk","timeElapsed":378,"timestamp":"2024-08-30T11:54:34.625Z"}
{"level":"info","message":"⌛ Validating clase2.wlk","timeElapsed":728,"timestamp":"2024-08-30T11:54:35.357Z"}
{"level":"info","message":"⌛ Validating clase2.wlk","timeElapsed":332,"timestamp":"2024-08-30T11:54:35.690Z"}
{"level":"info","message":"⌛ Validating clase2.wlk","timeElapsed":598,"timestamp":"2024-08-30T11:54:36.290Z"}
{"level":"info","message":"⌛ Validating clase2.wlk","timeElapsed":338,"timestamp":"2024-08-30T11:54:36.630Z"}
{"level":"info","message":"⌛ Building environment","timeElapsed":317,"timestamp":"2024-08-30T11:54:36.953Z"}
{"level":"info","message":"⌛ Building environment","timeElapsed":496,"timestamp":"2024-08-30T11:54:37.457Z"}
{"level":"info","message":"⌛ Building environment","timeElapsed":298,"timestamp":"2024-08-30T11:54:37.849Z"}
{"level":"info","message":"⌛ Building environment","timeElapsed":1072,"timestamp":"2024-08-30T11:54:38.950Z"}
{"level":"info","message":"⌛ Autocomplete - Singleton","timeElapsed":199,"timestamp":"2024-08-30T11:54:39.150Z"}
{"level":"info","message":"⌛ Building environment","timeElapsed":475,"timestamp":"2024-08-30T11:54:39.636Z"}
{"level":"info","message":"⌛ Validating clase2.wlk","timeElapsed":418,"timestamp":"2024-08-30T11:54:40.150Z"}
{"level":"info","message":"⌛ Building environment","timeElapsed":182,"timestamp":"2024-08-30T11:54:40.346Z"}
{"level":"info","message":"⌛ Validating clase2.wlk","timeElapsed":308,"timestamp":"2024-08-30T11:54:40.661Z"}
{"level":"info","message":"⌛ Validating clase2.wlk","timeElapsed":407,"timestamp":"2024-08-30T11:54:41.077Z"}
{"level":"info","message":"⌛ Validating clase2.wlk","timeElapsed":319,"timestamp":"2024-08-30T11:54:41.396Z"}
{"level":"info","message":"⌛ Validating clase2.wlk","timeElapsed":314,"timestamp":"2024-08-30T11:54:41.712Z"}
{"level":"info","message":"⌛ Validating clase2.wlk","timeElapsed":372,"timestamp":"2024-08-30T11:54:42.085Z"}
{"level":"info","message":"⌛ Validating clase2.wlk","timeElapsed":346,"timestamp":"2024-08-30T11:54:42.433Z"}
{"level":"info","message":"⌛ Validating clase2.wlk","timeElapsed":271,"timestamp":"2024-08-30T11:54:42.704Z"}
{"level":"info","message":"⌛ Validating clase2.wlk","timeElapsed":370,"timestamp":"2024-08-30T11:54:43.078Z"}
{"level":"info","message":"⌛ Validating clase2.wlk","timeElapsed":321,"timestamp":"2024-08-30T11:54:43.400Z"}
{"level":"info","message":"⌛ Validating clase2.wlk","timeElapsed":453,"timestamp":"2024-08-30T11:54:43.855Z"}
{"level":"info","message":"⌛ Validating clase2.wlk","timeElapsed":734,"timestamp":"2024-08-30T11:54:44.590Z"}
{"level":"info","message":"⌛ Validating clase2.wlk","timeElapsed":477,"timestamp":"2024-08-30T11:54:45.071Z"}
{"level":"info","message":"⌛ Validating clase2.wlk","timeElapsed":426,"timestamp":"2024-08-30T11:54:45.499Z"}
{"level":"info","message":"⌛ Building environment","timeElapsed":318,"timestamp":"2024-08-30T11:54:59.730Z"}
{"level":"info","message":"⌛ Validating clase2.wlk","timeElapsed":686,"timestamp":"2024-08-30T11:55:00.429Z"}
{"level":"info","message":"⌛ Building environment","timeElapsed":345,"timestamp":"2024-08-30T11:55:01.360Z"}
{"level":"info","message":"⌛ Validating clase2.wlk","timeElapsed":749,"timestamp":"2024-08-30T11:55:02.198Z"}
{"level":"info","message":"⌛ Building environment","timeElapsed":292,"timestamp":"2024-08-30T11:55:02.496Z"}
{"level":"info","message":"⌛ Autocomplete - Singleton","timeElapsed":211,"timestamp":"2024-08-30T11:55:02.716Z"}
{"level":"info","message":"⌛ Building environment","timeElapsed":398,"timestamp":"2024-08-30T11:55:03.119Z"}
{"level":"info","message":"⌛ Building environment","timeElapsed":340,"timestamp":"2024-08-30T11:55:03.466Z"}
{"level":"info","message":"⌛ Validating clase2.wlk","timeElapsed":844,"timestamp":"2024-08-30T11:55:04.323Z"}
{"level":"info","message":"⌛ Validating clase2.wlk","timeElapsed":1039,"timestamp":"2024-08-30T11:55:05.377Z"}
{"level":"info","message":"⌛ Validating clase2.wlk","timeElapsed":678,"timestamp":"2024-08-30T11:55:06.056Z"}
{"level":"info","message":"⌛ Building environment","timeElapsed":261,"timestamp":"2024-08-30T11:55:06.321Z"}
{"level":"error","message":"✘ Completions for node failed: Error: clase2.pepita.m [Field]{d68941} at clase2.wlk:2 exhausted all cases without a match clase2.pepita.m [Field]{d68941} at clase2.wlk:2 exhausted all cases without a match","stack":"Error: clase2.pepita.m [Field]{d68941} at clase2.wlk:2 exhausted all cases without a match\n    at /home/rata/.vscode-oss/extensions/uqbar.wollok-lsp-ide-0.3.3/node_modules/wollok-ts/dist/extensions.js:85:11\n    at completionsForNode (/home/rata/.vscode-oss/extensions/uqbar.wollok-lsp-ide-0.3.3/server/out/functionalities/autocomplete/node-completion.js:10:44)\n    at /home/rata/.vscode-oss/extensions/uqbar.wollok-lsp-ide-0.3.3/server/out/functionalities/autocomplete/autocomplete.js:26:154\n    at /home/rata/.vscode-oss/extensions/uqbar.wollok-lsp-ide-0.3.3/server/out/server.js:198:20\n    at /home/rata/.vscode-oss/extensions/uqbar.wollok-lsp-ide-0.3.3/server/node_modules/vscode-languageserver/lib/common/server.js:593:20\n    at handleRequest (/home/rata/.vscode-oss/extensions/uqbar.wollok-lsp-ide-0.3.3/server/node_modules/vscode-jsonrpc/lib/common/connection.js:493:41)\n    at handleMessage (/home/rata/.vscode-oss/extensions/uqbar.wollok-lsp-ide-0.3.3/server/node_modules/vscode-jsonrpc/lib/common/connection.js:339:13)\n    at processMessageQueue (/home/rata/.vscode-oss/extensions/uqbar.wollok-lsp-ide-0.3.3/server/node_modules/vscode-jsonrpc/lib/common/connection.js:362:17)\n    at Immediate._onImmediate (/home/rata/.vscode-oss/extensions/uqbar.wollok-lsp-ide-0.3.3/server/node_modules/vscode-jsonrpc/lib/common/connection.js:334:13)\n    at process.processImmediate (node:internal/timers:478:21)","timestamp":"2024-08-30T11:55:06.372Z"}
{"level":"info","message":"⌛ Building environment","timeElapsed":236,"timestamp":"2024-08-30T11:55:06.611Z"}
{"level":"error","message":"✘ Completions for node failed: Error: clase2.pepita.me [Field]{d97b4a} at clase2.wlk:2 exhausted all cases without a match clase2.pepita.me [Field]{d97b4a} at clase2.wlk:2 exhausted all cases without a match","stack":"Error: clase2.pepita.me [Field]{d97b4a} at clase2.wlk:2 exhausted all cases without a match\n    at /home/rata/.vscode-oss/extensions/uqbar.wollok-lsp-ide-0.3.3/node_modules/wollok-ts/dist/extensions.js:85:11\n    at completionsForNode (/home/rata/.vscode-oss/extensions/uqbar.wollok-lsp-ide-0.3.3/server/out/functionalities/autocomplete/node-completion.js:10:44)\n    at /home/rata/.vscode-oss/extensions/uqbar.wollok-lsp-ide-0.3.3/server/out/functionalities/autocomplete/autocomplete.js:26:154\n    at /home/rata/.vscode-oss/extensions/uqbar.wollok-lsp-ide-0.3.3/server/out/server.js:198:20\n    at /home/rata/.vscode-oss/extensions/uqbar.wollok-lsp-ide-0.3.3/server/node_modules/vscode-languageserver/lib/common/server.js:593:20\n    at handleRequest (/home/rata/.vscode-oss/extensions/uqbar.wollok-lsp-ide-0.3.3/server/node_modules/vscode-jsonrpc/lib/common/connection.js:493:41)\n    at handleMessage (/home/rata/.vscode-oss/extensions/uqbar.wollok-lsp-ide-0.3.3/server/node_modules/vscode-jsonrpc/lib/common/connection.js:339:13)\n    at processMessageQueue (/home/rata/.vscode-oss/extensions/uqbar.wollok-lsp-ide-0.3.3/server/node_modules/vscode-jsonrpc/lib/common/connection.js:362:17)\n    at Immediate._onImmediate (/home/rata/.vscode-oss/extensions/uqbar.wollok-lsp-ide-0.3.3/server/node_modules/vscode-jsonrpc/lib/common/connection.js:334:13)\n    at process.processImmediate (node:internal/timers:478:21)","timestamp":"2024-08-30T11:55:06.700Z"}
{"level":"info","message":"⌛ Building environment","timeElapsed":773,"timestamp":"2024-08-30T11:55:07.487Z"}
{"level":"error","message":"✘ Completions for node failed: Error: clase2.pepita.men [Field]{581270} at clase2.wlk:2 exhausted all cases without a match clase2.pepita.men [Field]{581270} at clase2.wlk:2 exhausted all cases without a match","stack":"Error: clase2.pepita.men [Field]{581270} at clase2.wlk:2 exhausted all cases without a match\n    at /home/rata/.vscode-oss/extensions/uqbar.wollok-lsp-ide-0.3.3/node_modules/wollok-ts/dist/extensions.js:85:11\n    at completionsForNode (/home/rata/.vscode-oss/extensions/uqbar.wollok-lsp-ide-0.3.3/server/out/functionalities/autocomplete/node-completion.js:10:44)\n    at /home/rata/.vscode-oss/extensions/uqbar.wollok-lsp-ide-0.3.3/server/out/functionalities/autocomplete/autocomplete.js:26:154\n    at /home/rata/.vscode-oss/extensions/uqbar.wollok-lsp-ide-0.3.3/server/out/server.js:198:20\n    at /home/rata/.vscode-oss/extensions/uqbar.wollok-lsp-ide-0.3.3/server/node_modules/vscode-languageserver/lib/common/server.js:593:20\n    at handleRequest (/home/rata/.vscode-oss/extensions/uqbar.wollok-lsp-ide-0.3.3/server/node_modules/vscode-jsonrpc/lib/common/connection.js:493:41)\n    at handleMessage (/home/rata/.vscode-oss/extensions/uqbar.wollok-lsp-ide-0.3.3/server/node_modules/vscode-jsonrpc/lib/common/connection.js:339:13)\n    at processMessageQueue (/home/rata/.vscode-oss/extensions/uqbar.wollok-lsp-ide-0.3.3/server/node_modules/vscode-jsonrpc/lib/common/connection.js:362:17)\n    at Immediate._onImmediate (/home/rata/.vscode-oss/extensions/uqbar.wollok-lsp-ide-0.3.3/server/node_modules/vscode-jsonrpc/lib/common/connection.js:334:13)\n    at process.processImmediate (node:internal/timers:478:21)","timestamp":"2024-08-30T11:55:07.646Z"}
{"level":"info","message":"⌛ Autocomplete - Field","timeElapsed":157,"timestamp":"2024-08-30T11:55:07.647Z"}
{"level":"info","message":"⌛ Building environment","timeElapsed":508,"timestamp":"2024-08-30T11:55:08.168Z"}
{"level":"info","message":"⌛ Building environment","timeElapsed":408,"timestamp":"2024-08-30T11:55:08.590Z"}
{"level":"info","message":"⌛ Building environment","timeElapsed":334,"timestamp":"2024-08-30T11:55:08.932Z"}
{"level":"error","message":"✘ Completions for node failed: Error: clase2.pepita.mensaj [Field]{9b4353} at clase2.wlk:2 exhausted all cases without a match clase2.pepita.mensaj [Field]{9b4353} at clase2.wlk:2 exhausted all cases without a match","stack":"Error: clase2.pepita.mensaj [Field]{9b4353} at clase2.wlk:2 exhausted all cases without a match\n    at /home/rata/.vscode-oss/extensions/uqbar.wollok-lsp-ide-0.3.3/node_modules/wollok-ts/dist/extensions.js:85:11\n    at completionsForNode (/home/rata/.vscode-oss/extensions/uqbar.wollok-lsp-ide-0.3.3/server/out/functionalities/autocomplete/node-completion.js:10:44)\n    at /home/rata/.vscode-oss/extensions/uqbar.wollok-lsp-ide-0.3.3/server/out/functionalities/autocomplete/autocomplete.js:26:154\n    at /home/rata/.vscode-oss/extensions/uqbar.wollok-lsp-ide-0.3.3/server/out/server.js:198:20\n    at /home/rata/.vscode-oss/extensions/uqbar.wollok-lsp-ide-0.3.3/server/node_modules/vscode-languageserver/lib/common/server.js:593:20\n    at handleRequest (/home/rata/.vscode-oss/extensions/uqbar.wollok-lsp-ide-0.3.3/server/node_modules/vscode-jsonrpc/lib/common/connection.js:493:41)\n    at handleMessage (/home/rata/.vscode-oss/extensions/uqbar.wollok-lsp-ide-0.3.3/server/node_modules/vscode-jsonrpc/lib/common/connection.js:339:13)\n    at processMessageQueue (/home/rata/.vscode-oss/extensions/uqbar.wollok-lsp-ide-0.3.3/server/node_modules/vscode-jsonrpc/lib/common/connection.js:362:17)\n    at Immediate._onImmediate (/home/rata/.vscode-oss/extensions/uqbar.wollok-lsp-ide-0.3.3/server/node_modules/vscode-jsonrpc/lib/common/connection.js:334:13)\n    at process.processImmediate (node:internal/timers:478:21)","timestamp":"2024-08-30T11:55:09.123Z"}
{"level":"info","message":"⌛ Autocomplete - Field","timeElapsed":186,"timestamp":"2024-08-30T11:55:09.123Z"}
{"level":"info","message":"⌛ Building environment","timeElapsed":478,"timestamp":"2024-08-30T11:55:09.635Z"}
{"level":"error","message":"✘ Completions for node failed: Error: clase2.pepita.mensaje [Field]{c3a681} at clase2.wlk:2 exhausted all cases without a match clase2.pepita.mensaje [Field]{c3a681} at clase2.wlk:2 exhausted all cases without a match","stack":"Error: clase2.pepita.mensaje [Field]{c3a681} at clase2.wlk:2 exhausted all cases without a match\n    at /home/rata/.vscode-oss/extensions/uqbar.wollok-lsp-ide-0.3.3/node_modules/wollok-ts/dist/extensions.js:85:11\n    at completionsForNode (/home/rata/.vscode-oss/extensions/uqbar.wollok-lsp-ide-0.3.3/server/out/functionalities/autocomplete/node-completion.js:10:44)\n    at /home/rata/.vscode-oss/extensions/uqbar.wollok-lsp-ide-0.3.3/server/out/functionalities/autocomplete/autocomplete.js:26:154\n    at /home/rata/.vscode-oss/extensions/uqbar.wollok-lsp-ide-0.3.3/server/out/server.js:198:20\n    at /home/rata/.vscode-oss/extensions/uqbar.wollok-lsp-ide-0.3.3/server/node_modules/vscode-languageserver/lib/common/server.js:593:20\n    at handleRequest (/home/rata/.vscode-oss/extensions/uqbar.wollok-lsp-ide-0.3.3/server/node_modules/vscode-jsonrpc/lib/common/connection.js:493:41)\n    at handleMessage (/home/rata/.vscode-oss/extensions/uqbar.wollok-lsp-ide-0.3.3/server/node_modules/vscode-jsonrpc/lib/common/connection.js:339:13)\n    at processMessageQueue (/home/rata/.vscode-oss/extensions/uqbar.wollok-lsp-ide-0.3.3/server/node_modules/vscode-jsonrpc/lib/common/connection.js:362:17)\n    at Immediate._onImmediate (/home/rata/.vscode-oss/extensions/uqbar.wollok-lsp-ide-0.3.3/server/node_modules/vscode-jsonrpc/lib/common/connection.js:334:13)\n    at process.processImmediate (node:internal/timers:478:21)","timestamp":"2024-08-30T11:55:09.685Z"}
{"level":"info","message":"⌛ Building environment","timeElapsed":333,"timestamp":"2024-08-30T11:55:10.020Z"}
{"level":"info","message":"⌛ Validating clase2.wlk","timeElapsed":613,"timestamp":"2024-08-30T11:55:10.683Z"}
{"level":"info","message":"⌛ Validating clase2.wlk","timeElapsed":752,"timestamp":"2024-08-30T11:55:11.436Z"}
{"level":"info","message":"⌛ Building environment","timeElapsed":980,"timestamp":"2024-08-30T11:55:12.448Z"}
{"level":"info","message":"⌛ Building environment","timeElapsed":580,"timestamp":"2024-08-30T11:55:13.044Z"}
{"level":"info","message":"⌛ Building environment","timeElapsed":546,"timestamp":"2024-08-30T11:55:13.602Z"}
{"level":"info","message":"⌛ Validating clase2.wlk","timeElapsed":923,"timestamp":"2024-08-30T11:55:14.556Z"}
{"level":"info","message":"⌛ Building environment","timeElapsed":529,"timestamp":"2024-08-30T11:55:15.088Z"}
{"level":"info","message":"⌛ Building environment","timeElapsed":374,"timestamp":"2024-08-30T11:55:15.471Z"}
{"level":"info","message":"⌛ Building environment","timeElapsed":279,"timestamp":"2024-08-30T11:55:15.777Z"}
{"level":"info","message":"⌛ Building environment","timeElapsed":494,"timestamp":"2024-08-30T11:55:16.303Z"}
{"level":"info","message":"⌛ Validating clase2.wlk","timeElapsed":654,"timestamp":"2024-08-30T11:55:16.958Z"}
{"level":"info","message":"⌛ Validating clase2.wlk","timeElapsed":542,"timestamp":"2024-08-30T11:55:17.525Z"}
{"level":"info","message":"⌛ Validating clase2.wlk","timeElapsed":707,"timestamp":"2024-08-30T11:55:18.238Z"}
{"level":"info","message":"⌛ Validating clase2.wlk","timeElapsed":551,"timestamp":"2024-08-30T11:55:18.790Z"}
{"level":"info","message":"⌛ Building environment","timeElapsed":1282,"timestamp":"2024-08-30T11:55:20.102Z"}
{"level":"info","message":"⌛ Validating clase2.wlk","timeElapsed":499,"timestamp":"2024-08-30T11:55:20.616Z"}
{"level":"info","message":"⌛ Building environment","timeElapsed":237,"timestamp":"2024-08-30T11:55:20.856Z"}
{"level":"info","message":"⌛ Building environment","timeElapsed":501,"timestamp":"2024-08-30T11:55:21.387Z"}
{"level":"info","message":"⌛ Building environment","timeElapsed":311,"timestamp":"2024-08-30T11:55:21.701Z"}
{"level":"info","message":"⌛ Building environment","timeElapsed":340,"timestamp":"2024-08-30T11:55:22.044Z"}
{"level":"info","message":"⌛ Building environment","timeElapsed":303,"timestamp":"2024-08-30T11:55:22.407Z"}
{"level":"info","message":"⌛ Building environment","timeElapsed":239,"timestamp":"2024-08-30T11:55:22.658Z"}
{"level":"info","message":"⌛ Building environment","timeElapsed":583,"timestamp":"2024-08-30T11:55:23.328Z"}
{"level":"info","message":"⌛ Building environment","timeElapsed":436,"timestamp":"2024-08-30T11:55:23.766Z"}
{"level":"info","message":"⌛ Validating clase2.wlk","timeElapsed":1281,"timestamp":"2024-08-30T11:55:25.078Z"}
{"level":"info","message":"⌛ Building environment","timeElapsed":301,"timestamp":"2024-08-30T11:55:25.389Z"}
{"level":"error","message":"✘ Completions for node failed: Error: [Return]{93b0cd} at clase2.wlk:-- exhausted all cases without a match [Return]{93b0cd} at clase2.wlk:-- exhausted all cases without a match","stack":"Error: [Return]{93b0cd} at clase2.wlk:-- exhausted all cases without a match\n    at /home/rata/.vscode-oss/extensions/uqbar.wollok-lsp-ide-0.3.3/node_modules/wollok-ts/dist/extensions.js:85:11\n    at completionsForNode (/home/rata/.vscode-oss/extensions/uqbar.wollok-lsp-ide-0.3.3/server/out/functionalities/autocomplete/node-completion.js:10:44)\n    at completeForParent (/home/rata/.vscode-oss/extensions/uqbar.wollok-lsp-ide-0.3.3/server/out/functionalities/autocomplete/node-completion.js:56:43)\n    at completeReference (/home/rata/.vscode-oss/extensions/uqbar.wollok-lsp-ide-0.3.3/server/out/functionalities/autocomplete/node-completion.js:64:135)\n    at /home/rata/.vscode-oss/extensions/uqbar.wollok-lsp-ide-0.3.3/node_modules/wollok-ts/dist/extensions.js:84:20\n    at completionsForNode (/home/rata/.vscode-oss/extensions/uqbar.wollok-lsp-ide-0.3.3/server/out/functionalities/autocomplete/node-completion.js:10:44)\n    at /home/rata/.vscode-oss/extensions/uqbar.wollok-lsp-ide-0.3.3/server/out/functionalities/autocomplete/autocomplete.js:26:154\n    at /home/rata/.vscode-oss/extensions/uqbar.wollok-lsp-ide-0.3.3/server/out/server.js:198:20\n    at /home/rata/.vscode-oss/extensions/uqbar.wollok-lsp-ide-0.3.3/server/node_modules/vscode-languageserver/lib/common/server.js:593:20\n    at handleRequest (/home/rata/.vscode-oss/extensions/uqbar.wollok-lsp-ide-0.3.3/server/node_modules/vscode-jsonrpc/lib/common/connection.js:493:41)","timestamp":"2024-08-30T11:55:25.455Z"}
{"level":"info","message":"⌛ Building environment","timeElapsed":231,"timestamp":"2024-08-30T11:55:25.700Z"}
{"level":"info","message":"⌛ Validating clase2.wlk","timeElapsed":539,"timestamp":"2024-08-30T11:55:26.240Z"}
{"level":"info","message":"⌛ Building environment","timeElapsed":215,"timestamp":"2024-08-30T11:55:26.462Z"}
{"level":"error","message":"✘ Completions for node failed: Error: [Return]{3faf4f} at clase2.wlk:-- exhausted all cases without a match [Return]{3faf4f} at clase2.wlk:-- exhausted all cases without a match","stack":"Error: [Return]{3faf4f} at clase2.wlk:-- exhausted all cases without a match\n    at /home/rata/.vscode-oss/extensions/uqbar.wollok-lsp-ide-0.3.3/node_modules/wollok-ts/dist/extensions.js:85:11\n    at completionsForNode (/home/rata/.vscode-oss/extensions/uqbar.wollok-lsp-ide-0.3.3/server/out/functionalities/autocomplete/node-completion.js:10:44)\n    at completeForParent (/home/rata/.vscode-oss/extensions/uqbar.wollok-lsp-ide-0.3.3/server/out/functionalities/autocomplete/node-completion.js:56:43)\n    at completeReference (/home/rata/.vscode-oss/extensions/uqbar.wollok-lsp-ide-0.3.3/server/out/functionalities/autocomplete/node-completion.js:64:135)\n    at /home/rata/.vscode-oss/extensions/uqbar.wollok-lsp-ide-0.3.3/node_modules/wollok-ts/dist/extensions.js:84:20\n    at completionsForNode (/home/rata/.vscode-oss/extensions/uqbar.wollok-lsp-ide-0.3.3/server/out/functionalities/autocomplete/node-completion.js:10:44)\n    at /home/rata/.vscode-oss/extensions/uqbar.wollok-lsp-ide-0.3.3/server/out/functionalities/autocomplete/autocomplete.js:26:154\n    at /home/rata/.vscode-oss/extensions/uqbar.wollok-lsp-ide-0.3.3/server/out/server.js:198:20\n    at /home/rata/.vscode-oss/extensions/uqbar.wollok-lsp-ide-0.3.3/server/node_modules/vscode-languageserver/lib/common/server.js:593:20\n    at handleRequest (/home/rata/.vscode-oss/extensions/uqbar.wollok-lsp-ide-0.3.3/server/node_modules/vscode-jsonrpc/lib/common/connection.js:493:41)","timestamp":"2024-08-30T11:55:26.502Z"}
{"level":"info","message":"⌛ Building environment","timeElapsed":798,"timestamp":"2024-08-30T11:55:27.308Z"}
{"level":"info","message":"⌛ Validating clase2.wlk","timeElapsed":368,"timestamp":"2024-08-30T11:55:27.680Z"}
{"level":"error","message":"✘ Completions for node failed: Error: [Return]{d6529c} at clase2.wlk:-- exhausted all cases without a match [Return]{d6529c} at clase2.wlk:-- exhausted all cases without a match","stack":"Error: [Return]{d6529c} at clase2.wlk:-- exhausted all cases without a match\n    at /home/rata/.vscode-oss/extensions/uqbar.wollok-lsp-ide-0.3.3/node_modules/wollok-ts/dist/extensions.js:85:11\n    at completionsForNode (/home/rata/.vscode-oss/extensions/uqbar.wollok-lsp-ide-0.3.3/server/out/functionalities/autocomplete/node-completion.js:10:44)\n    at completeForParent (/home/rata/.vscode-oss/extensions/uqbar.wollok-lsp-ide-0.3.3/server/out/functionalities/autocomplete/node-completion.js:56:43)\n    at completeReference (/home/rata/.vscode-oss/extensions/uqbar.wollok-lsp-ide-0.3.3/server/out/functionalities/autocomplete/node-completion.js:64:135)\n    at /home/rata/.vscode-oss/extensions/uqbar.wollok-lsp-ide-0.3.3/node_modules/wollok-ts/dist/extensions.js:84:20\n    at completionsForNode (/home/rata/.vscode-oss/extensions/uqbar.wollok-lsp-ide-0.3.3/server/out/functionalities/autocomplete/node-completion.js:10:44)\n    at /home/rata/.vscode-oss/extensions/uqbar.wollok-lsp-ide-0.3.3/server/out/functionalities/autocomplete/autocomplete.js:26:154\n    at /home/rata/.vscode-oss/extensions/uqbar.wollok-lsp-ide-0.3.3/server/out/server.js:198:20\n    at /home/rata/.vscode-oss/extensions/uqbar.wollok-lsp-ide-0.3.3/server/node_modules/vscode-languageserver/lib/common/server.js:593:20\n    at handleRequest (/home/rata/.vscode-oss/extensions/uqbar.wollok-lsp-ide-0.3.3/server/node_modules/vscode-jsonrpc/lib/common/connection.js:493:41)","timestamp":"2024-08-30T11:55:28.436Z"}
{"level":"info","message":"⌛ Autocomplete - Reference","timeElapsed":730,"timestamp":"2024-08-30T11:55:28.443Z"}
{"level":"info","message":"⌛ Building environment","timeElapsed":415,"timestamp":"2024-08-30T11:55:28.870Z"}
{"level":"error","message":"✘ Completions for node failed: Error: [Return]{828a0a} at clase2.wlk:-- exhausted all cases without a match [Return]{828a0a} at clase2.wlk:-- exhausted all cases without a match","stack":"Error: [Return]{828a0a} at clase2.wlk:-- exhausted all cases without a match\n    at /home/rata/.vscode-oss/extensions/uqbar.wollok-lsp-ide-0.3.3/node_modules/wollok-ts/dist/extensions.js:85:11\n    at completionsForNode (/home/rata/.vscode-oss/extensions/uqbar.wollok-lsp-ide-0.3.3/server/out/functionalities/autocomplete/node-completion.js:10:44)\n    at completeForParent (/home/rata/.vscode-oss/extensions/uqbar.wollok-lsp-ide-0.3.3/server/out/functionalities/autocomplete/node-completion.js:56:43)\n    at completeReference (/home/rata/.vscode-oss/extensions/uqbar.wollok-lsp-ide-0.3.3/server/out/functionalities/autocomplete/node-completion.js:64:135)\n    at /home/rata/.vscode-oss/extensions/uqbar.wollok-lsp-ide-0.3.3/node_modules/wollok-ts/dist/extensions.js:84:20\n    at completionsForNode (/home/rata/.vscode-oss/extensions/uqbar.wollok-lsp-ide-0.3.3/server/out/functionalities/autocomplete/node-completion.js:10:44)\n    at /home/rata/.vscode-oss/extensions/uqbar.wollok-lsp-ide-0.3.3/server/out/functionalities/autocomplete/autocomplete.js:26:154\n    at /home/rata/.vscode-oss/extensions/uqbar.wollok-lsp-ide-0.3.3/server/out/server.js:198:20\n    at /home/rata/.vscode-oss/extensions/uqbar.wollok-lsp-ide-0.3.3/server/node_modules/vscode-languageserver/lib/common/server.js:593:20\n    at handleRequest (/home/rata/.vscode-oss/extensions/uqbar.wollok-lsp-ide-0.3.3/server/node_modules/vscode-jsonrpc/lib/common/connection.js:493:41)","timestamp":"2024-08-30T11:55:28.959Z"}
{"level":"info","message":"⌛ Building environment","timeElapsed":488,"timestamp":"2024-08-30T11:55:29.484Z"}
{"level":"error","message":"✘ Completions for node failed: Error: [Return]{f2bac0} at clase2.wlk:-- exhausted all cases without a match [Return]{f2bac0} at clase2.wlk:-- exhausted all cases without a match","stack":"Error: [Return]{f2bac0} at clase2.wlk:-- exhausted all cases without a match\n    at /home/rata/.vscode-oss/extensions/uqbar.wollok-lsp-ide-0.3.3/node_modules/wollok-ts/dist/extensions.js:85:11\n    at completionsForNode (/home/rata/.vscode-oss/extensions/uqbar.wollok-lsp-ide-0.3.3/server/out/functionalities/autocomplete/node-completion.js:10:44)\n    at completeForParent (/home/rata/.vscode-oss/extensions/uqbar.wollok-lsp-ide-0.3.3/server/out/functionalities/autocomplete/node-completion.js:56:43)\n    at completeReference (/home/rata/.vscode-oss/extensions/uqbar.wollok-lsp-ide-0.3.3/server/out/functionalities/autocomplete/node-completion.js:64:135)\n    at /home/rata/.vscode-oss/extensions/uqbar.wollok-lsp-ide-0.3.3/node_modules/wollok-ts/dist/extensions.js:84:20\n    at completionsForNode (/home/rata/.vscode-oss/extensions/uqbar.wollok-lsp-ide-0.3.3/server/out/functionalities/autocomplete/node-completion.js:10:44)\n    at /home/rata/.vscode-oss/extensions/uqbar.wollok-lsp-ide-0.3.3/server/out/functionalities/autocomplete/autocomplete.js:26:154\n    at /home/rata/.vscode-oss/extensions/uqbar.wollok-lsp-ide-0.3.3/server/out/server.js:198:20\n    at /home/rata/.vscode-oss/extensions/uqbar.wollok-lsp-ide-0.3.3/server/node_modules/vscode-languageserver/lib/common/server.js:593:20\n    at handleRequest (/home/rata/.vscode-oss/extensions/uqbar.wollok-lsp-ide-0.3.3/server/node_modules/vscode-jsonrpc/lib/common/connection.js:493:41)","timestamp":"2024-08-30T11:55:29.590Z"}
{"level":"info","message":"⌛ Building environment","timeElapsed":811,"timestamp":"2024-08-30T11:55:30.415Z"}
{"level":"error","message":"✘ Completions for node failed: Error: [Return]{eedfa3} at clase2.wlk:-- exhausted all cases without a match [Return]{eedfa3} at clase2.wlk:-- exhausted all cases without a match","stack":"Error: [Return]{eedfa3} at clase2.wlk:-- exhausted all cases without a match\n    at /home/rata/.vscode-oss/extensions/uqbar.wollok-lsp-ide-0.3.3/node_modules/wollok-ts/dist/extensions.js:85:11\n    at completionsForNode (/home/rata/.vscode-oss/extensions/uqbar.wollok-lsp-ide-0.3.3/server/out/functionalities/autocomplete/node-completion.js:10:44)\n    at completeForParent (/home/rata/.vscode-oss/extensions/uqbar.wollok-lsp-ide-0.3.3/server/out/functionalities/autocomplete/node-completion.js:56:43)\n    at completeReference (/home/rata/.vscode-oss/extensions/uqbar.wollok-lsp-ide-0.3.3/server/out/functionalities/autocomplete/node-completion.js:64:135)\n    at /home/rata/.vscode-oss/extensions/uqbar.wollok-lsp-ide-0.3.3/node_modules/wollok-ts/dist/extensions.js:84:20\n    at completionsForNode (/home/rata/.vscode-oss/extensions/uqbar.wollok-lsp-ide-0.3.3/server/out/functionalities/autocomplete/node-completion.js:10:44)\n    at /home/rata/.vscode-oss/extensions/uqbar.wollok-lsp-ide-0.3.3/server/out/functionalities/autocomplete/autocomplete.js:26:154\n    at /home/rata/.vscode-oss/extensions/uqbar.wollok-lsp-ide-0.3.3/server/out/server.js:198:20\n    at /home/rata/.vscode-oss/extensions/uqbar.wollok-lsp-ide-0.3.3/server/node_modules/vscode-languageserver/lib/common/server.js:593:20\n    at handleRequest (/home/rata/.vscode-oss/extensions/uqbar.wollok-lsp-ide-0.3.3/server/node_modules/vscode-jsonrpc/lib/common/connection.js:493:41)","timestamp":"2024-08-30T11:55:30.467Z"}
{"level":"info","message":"⌛ Building environment","timeElapsed":236,"timestamp":"2024-08-30T11:55:30.726Z"}
{"level":"error","message":"✘ Completions for node failed: Error: [Return]{6ae2be} at clase2.wlk:-- exhausted all cases without a match [Return]{6ae2be} at clase2.wlk:-- exhausted all cases without a match","stack":"Error: [Return]{6ae2be} at clase2.wlk:-- exhausted all cases without a match\n    at /home/rata/.vscode-oss/extensions/uqbar.wollok-lsp-ide-0.3.3/node_modules/wollok-ts/dist/extensions.js:85:11\n    at completionsForNode (/home/rata/.vscode-oss/extensions/uqbar.wollok-lsp-ide-0.3.3/server/out/functionalities/autocomplete/node-completion.js:10:44)\n    at completeForParent (/home/rata/.vscode-oss/extensions/uqbar.wollok-lsp-ide-0.3.3/server/out/functionalities/autocomplete/node-completion.js:56:43)\n    at completeReference (/home/rata/.vscode-oss/extensions/uqbar.wollok-lsp-ide-0.3.3/server/out/functionalities/autocomplete/node-completion.js:64:135)\n    at /home/rata/.vscode-oss/extensions/uqbar.wollok-lsp-ide-0.3.3/node_modules/wollok-ts/dist/extensions.js:84:20\n    at completionsForNode (/home/rata/.vscode-oss/extensions/uqbar.wollok-lsp-ide-0.3.3/server/out/functionalities/autocomplete/node-completion.js:10:44)\n    at /home/rata/.vscode-oss/extensions/uqbar.wollok-lsp-ide-0.3.3/server/out/functionalities/autocomplete/autocomplete.js:26:154\n    at /home/rata/.vscode-oss/extensions/uqbar.wollok-lsp-ide-0.3.3/server/out/server.js:198:20\n    at /home/rata/.vscode-oss/extensions/uqbar.wollok-lsp-ide-0.3.3/server/node_modules/vscode-languageserver/lib/common/server.js:593:20\n    at handleRequest (/home/rata/.vscode-oss/extensions/uqbar.wollok-lsp-ide-0.3.3/server/node_modules/vscode-jsonrpc/lib/common/connection.js:493:41)","timestamp":"2024-08-30T11:55:30.780Z"}
{"level":"info","message":"⌛ Validating clase2.wlk","timeElapsed":514,"timestamp":"2024-08-30T11:55:31.311Z"}
{"level":"info","message":"⌛ Validating clase2.wlk","timeElapsed":375,"timestamp":"2024-08-30T11:55:31.688Z"}
{"level":"info","message":"⌛ Validating clase2.wlk","timeElapsed":478,"timestamp":"2024-08-30T11:55:32.167Z"}
{"level":"info","message":"⌛ Validating clase2.wlk","timeElapsed":330,"timestamp":"2024-08-30T11:55:32.499Z"}
{"level":"info","message":"⌛ Validating clase2.wlk","timeElapsed":406,"timestamp":"2024-08-30T11:55:32.948Z"}
{"level":"info","message":"⌛ Validating clase2.wlk","timeElapsed":430,"timestamp":"2024-08-30T11:55:33.379Z"}
{"level":"info","message":"⌛ Validating clase2.wlk","timeElapsed":343,"timestamp":"2024-08-30T11:55:33.724Z"}
{"level":"info","message":"⌛ Validating clase2.wlk","timeElapsed":633,"timestamp":"2024-08-30T11:55:34.424Z"}
{"level":"info","message":"⌛ Validating clase2.wlk","timeElapsed":347,"timestamp":"2024-08-30T11:55:34.774Z"}
{"level":"info","message":"⌛ Validating clase2.wlk","timeElapsed":475,"timestamp":"2024-08-30T11:55:35.249Z"}
{"level":"info","message":"⌛ Validating clase2.wlk","timeElapsed":342,"timestamp":"2024-08-30T11:55:35.627Z"}
{"level":"info","message":"⌛ Validating clase2.wlk","timeElapsed":536,"timestamp":"2024-08-30T11:55:36.163Z"}
{"level":"info","message":"⌛ Validating clase2.wlk","timeElapsed":401,"timestamp":"2024-08-30T11:55:36.570Z"}
{"level":"info","message":"⌛ Validating clase2.wlk","timeElapsed":467,"timestamp":"2024-08-30T11:55:37.037Z"}
{"level":"info","message":"⌛ Validating clase2.wlk","timeElapsed":440,"timestamp":"2024-08-30T11:55:37.487Z"}
{"level":"info","message":"⌛ Validating clase2.wlk","timeElapsed":354,"timestamp":"2024-08-30T11:55:37.845Z"}
{"level":"info","message":"⌛ Validating clase2.wlk","timeElapsed":493,"timestamp":"2024-08-30T11:55:38.340Z"}
{"level":"info","message":"⌛ Validating clase2.wlk","timeElapsed":348,"timestamp":"2024-08-30T11:55:38.689Z"}
{"level":"info","message":"⌛ Validating clase2.wlk","timeElapsed":572,"timestamp":"2024-08-30T11:55:39.264Z"}
{"level":"info","message":"⌛ Validating clase2.wlk","timeElapsed":386,"timestamp":"2024-08-30T11:55:39.664Z"}
{"level":"info","message":"⌛ Validating clase2.wlk","timeElapsed":672,"timestamp":"2024-08-30T11:55:40.342Z"}
{"error":["Error: Fatal error while running validations. Aborting run due to validation errors!","  at validateEnvironment (/home/rata/.nvm/versions/node/v20.17.0/lib/node_modules/wollok-ts-cli/build/src/utils.js:94:19)","  at initializeInterpreter (/home/rata/.nvm/versions/node/v20.17.0/lib/node_modules/wollok-ts-cli/build/src/commands/repl.js:89:41)","  at async Command.<anonymous> (/home/rata/.nvm/versions/node/v20.17.0/lib/node_modules/wollok-ts-cli/build/src/commands/repl.js:117:29"],"level":"info","message":"🖥️ REPL execution - build failed for /home/rata/UTN/Carrera/2024/Paradigmas_de_Programacion/Objetos/clases","ok":false,"timeElapsed":1140,"timestamp":"2024-08-30T12:09:49.353Z"}
{"failures":[],"level":"info","message":"🧪 Test runner executed matching test_clase2.wtest on /home/rata/UTN/Carrera/2024/Paradigmas_de_Programacion/Objetos/clases","result":{"failed":0,"ok":0},"timeElapsed":1501,"timestamp":"2024-08-30T12:10:47.192Z"}
{"failures":[],"level":"info","message":"🧪 Test runner executed matching test_clase2.wtest on /home/rata/UTN/Carrera/2024/Paradigmas_de_Programacion/Objetos/clases","result":{"failed":0,"ok":0},"timeElapsed":1460,"timestamp":"2024-08-30T12:15:02.490Z"}
{"failures":[],"level":"info","message":"🧪 Test runner executed on /home/rata/UTN/Carrera/2024/Paradigmas_de_Programacion/Objetos/clases","result":{"failed":0,"ok":1},"timeElapsed":1541,"timestamp":"2024-08-30T12:15:41.301Z"}
{"failures":[],"level":"info","message":"🧪 Test runner executed matching test_clase2.wtest on /home/rata/UTN/Carrera/2024/Paradigmas_de_Programacion/Objetos/clases","result":{"failed":0,"ok":0},"timeElapsed":1474,"timestamp":"2024-08-30T12:15:48.697Z"}
{"failures":[],"level":"info","message":"🧪 Test runner executed matching test_clase2 on /home/rata/UTN/Carrera/2024/Paradigmas_de_Programacion/Objetos/clases","result":{"failed":0,"ok":1},"timeElapsed":1577,"timestamp":"2024-08-30T12:15:54.065Z"}
{"failures":[{"error":["wollok.lib.AssertionException: Value was not true","  at test_clase2.\"Si hacemos que pepita vuele 9 metros, se cansa\" [test_clase2.wtest:7]"],"test":"test_clase2.\"Si hacemos que pepita vuele 9 metros, se cansa\""}],"level":"info","message":"🧪 Test runner executed matching test_clase2 on /home/rata/UTN/Carrera/2024/Paradigmas_de_Programacion/Objetos/clases","result":{"failed":1,"ok":1},"timeElapsed":1677,"timestamp":"2024-08-30T12:17:40.367Z"}
{"failures":[],"level":"info","message":"🧪 Test runner executed matching test_clase2 on /home/rata/UTN/Carrera/2024/Paradigmas_de_Programacion/Objetos/clases","result":{"failed":0,"ok":2},"timeElapsed":1838,"timestamp":"2024-08-30T12:19:25.603Z"}
{"failures":[],"level":"info","message":"🧪 Test runner executed matching test_clase2 on /home/rata/UTN/Carrera/2024/Paradigmas_de_Programacion/Objetos/clases","result":{"failed":0,"ok":3},"timeElapsed":1851,"timestamp":"2024-08-30T12:20:43.627Z"}
{"failures":[],"level":"info","message":"🧪 Test runner executed matching test_clase2 on /home/rata/UTN/Carrera/2024/Paradigmas_de_Programacion/Objetos/clases","result":{"failed":0,"ok":3},"timeElapsed":1632,"timestamp":"2024-08-30T12:22:34.705Z"}
{"failures":[{"error":["wollok.lib.AssertionException: Value was not false","  at test_clase2.\"Si come dos manzanas, se recupera\" [test_clase2.wtest:12]"],"test":"test_clase2.\"Si come dos manzanas, se recupera\""},{"error":["wollok.lib.AssertionException: Expected <50> but found <0>","  at test_clase2.\"Inicialmente la manzana otorga 50 calorías.\" [test_clase2.wtest:22]"],"test":"test_clase2.\"Inicialmente la manzana otorga 50 calorías.\""},{"error":["wollok.lib.AssertionException: Expected <100> but found <80>","  at test_clase2.\"La maduración se da de a saltos de 10%, hasta llegar al 100% de maduración en el que la manzana otorga 100 calorías.\" [test_clase2.wtest:25]"],"test":"test_clase2.\"La maduración se da de a saltos de 10%, hasta llegar al 100% de maduración en el que la manzana otorga 100 calorías.\""},{"error":["wollok.lib.AssertionException: Expected <100> but found <90>","  at test_clase2.\"Luego, la manzana comienza a pudrirse, y cada vez que recibe el mensaje madurar debe perder 20 calorías.\" [test_clase2.wtest:49]"],"test":"test_clase2.\"Luego, la manzana comienza a pudrirse, y cada vez que recibe el mensaje madurar debe perder 20 calorías.\""},{"error":["wollok.lib.AssertionException: Expected <100> but found <90>","  at test_clase2.\"En ningún caso la manzana podrida puede otorgar menos de 0 calorías.\" [test_clase2.wtest:67]"],"test":"test_clase2.\"En ningún caso la manzana podrida puede otorgar menos de 0 calorías.\""}],"level":"info","message":"🧪 Test runner executed matching test_clase2 on /home/rata/UTN/Carrera/2024/Paradigmas_de_Programacion/Objetos/clases","result":{"failed":5,"ok":2},"timeElapsed":2110,"timestamp":"2024-08-30T13:33:57.691Z"}
{"failures":[{"error":["wollok.lib.AssertionException: Expected <50> but found <5000>","  at test_clase2.\"Inicialmente la manzana otorga 50 calorías.\" [test_clase2.wtest:22]"],"test":"test_clase2.\"Inicialmente la manzana otorga 50 calorías.\""},{"error":["wollok.lib.AssertionException: Expected <100> but found <10000>","  at test_clase2.\"La maduración se da de a saltos de 10%, hasta llegar al 100% de maduración en el que la manzana otorga 100 calorías.\" [test_clase2.wtest:25]"],"test":"test_clase2.\"La maduración se da de a saltos de 10%, hasta llegar al 100% de maduración en el que la manzana otorga 100 calorías.\""},{"error":["wollok.lib.AssertionException: Expected <100> but found <90>","  at test_clase2.\"Luego, la manzana comienza a pudrirse, y cada vez que recibe el mensaje madurar debe perder 20 calorías.\" [test_clase2.wtest:49]"],"test":"test_clase2.\"Luego, la manzana comienza a pudrirse, y cada vez que recibe el mensaje madurar debe perder 20 calorías.\""},{"error":["wollok.lib.AssertionException: Expected <100> but found <90>","  at test_clase2.\"En ningún caso la manzana podrida puede otorgar menos de 0 calorías.\" [test_clase2.wtest:67]"],"test":"test_clase2.\"En ningún caso la manzana podrida puede otorgar menos de 0 calorías.\""}],"level":"info","message":"🧪 Test runner executed matching test_clase2 on /home/rata/UTN/Carrera/2024/Paradigmas_de_Programacion/Objetos/clases","result":{"failed":4,"ok":3},"timeElapsed":2265,"timestamp":"2024-08-30T13:36:45.793Z"}
{"failures":[{"error":["wollok.lib.AssertionException: Expected <100> but found <90>","  at test_clase2.\"Luego, la manzana comienza a pudrirse, y cada vez que recibe el mensaje madurar debe perder 20 calorías.\" [test_clase2.wtest:49]"],"test":"test_clase2.\"Luego, la manzana comienza a pudrirse, y cada vez que recibe el mensaje madurar debe perder 20 calorías.\""},{"error":["wollok.lib.AssertionException: Expected <100> but found <90>","  at test_clase2.\"En ningún caso la manzana podrida puede otorgar menos de 0 calorías.\" [test_clase2.wtest:67]"],"test":"test_clase2.\"En ningún caso la manzana podrida puede otorgar menos de 0 calorías.\""}],"level":"info","message":"🧪 Test runner executed matching test_clase2 on /home/rata/UTN/Carrera/2024/Paradigmas_de_Programacion/Objetos/clases","result":{"failed":2,"ok":5},"timeElapsed":2381,"timestamp":"2024-08-30T13:37:44.602Z"}
{"failures":[{"error":["wollok.lib.AssertionException: Expected <100> but found <90>","  at test_clase2.\"Luego, la manzana comienza a pudrirse, y cada vez que recibe el mensaje madurar debe perder 20 calorías.\" [test_clase2.wtest:49]"],"test":"test_clase2.\"Luego, la manzana comienza a pudrirse, y cada vez que recibe el mensaje madurar debe perder 20 calorías.\""},{"error":["wollok.lib.AssertionException: Expected <100> but found <90>","  at test_clase2.\"En ningún caso la manzana podrida puede otorgar menos de 0 calorías.\" [test_clase2.wtest:67]"],"test":"test_clase2.\"En ningún caso la manzana podrida puede otorgar menos de 0 calorías.\""}],"level":"info","message":"🧪 Test runner executed matching test_clase2 on /home/rata/UTN/Carrera/2024/Paradigmas_de_Programacion/Objetos/clases","result":{"failed":2,"ok":5},"timeElapsed":2094,"timestamp":"2024-08-30T13:38:08.710Z"}
{"failures":[{"error":["wollok.lang.EvaluationError wrapping TypeScript TypeError: Cannot read properties of undefined (reading 'assertIsNumber')","  at clase2.pepita.comer(comida) [clase2.wlk:8]","  at test_clase2.\"Si come dos manzanas, se recupera\" [test_clase2.wtest:12]"],"test":"test_clase2.\"Si come dos manzanas, se recupera\""},{"error":["wollok.lang.EvaluationError wrapping TypeScript Error: Could not resolve reference to actual or its a reference to void","  at test_clase2.\"Inicialmente la manzana otorga 50 calorías.\" [test_clase2.wtest:22]"],"test":"test_clase2.\"Inicialmente la manzana otorga 50 calorías.\""},{"error":["wollok.lang.EvaluationError wrapping TypeScript Error: Could not resolve reference to actual or its a reference to void","  at test_clase2.\"La maduración se da de a saltos de 10%, hasta llegar al 100% de maduración en el que la manzana otorga 100 calorías.\" [test_clase2.wtest:25]"],"test":"test_clase2.\"La maduración se da de a saltos de 10%, hasta llegar al 100% de maduración en el que la manzana otorga 100 calorías.\""},{"error":["wollok.lib.AssertionException: Expected <100> but found <90>","  at test_clase2.\"Luego, la manzana comienza a pudrirse, y cada vez que recibe el mensaje madurar debe perder 20 calorías.\" [test_clase2.wtest:49]"],"test":"test_clase2.\"Luego, la manzana comienza a pudrirse, y cada vez que recibe el mensaje madurar debe perder 20 calorías.\""},{"error":["wollok.lib.AssertionException: Expected <100> but found <90>","  at test_clase2.\"En ningún caso la manzana podrida puede otorgar menos de 0 calorías.\" [test_clase2.wtest:67]"],"test":"test_clase2.\"En ningún caso la manzana podrida puede otorgar menos de 0 calorías.\""}],"level":"info","message":"🧪 Test runner executed matching test_clase2 on /home/rata/UTN/Carrera/2024/Paradigmas_de_Programacion/Objetos/clases","result":{"failed":5,"ok":2},"timeElapsed":2054,"timestamp":"2024-08-30T13:45:03.317Z"}
{"failures":[{"error":["wollok.lib.AssertionException: Value was not false","  at test_clase2.\"Si come dos alpistes, se recupera\" [test_clase2.wtest:12]"],"test":"test_clase2.\"Si come dos alpistes, se recupera\""},{"error":["wollok.lang.EvaluationError wrapping TypeScript Error: Could not resolve reference to actual or its a reference to void","  at test_clase2.\"Inicialmente la manzana otorga 50 calorías.\" [test_clase2.wtest:22]"],"test":"test_clase2.\"Inicialmente la manzana otorga 50 calorías.\""},{"error":["wollok.lang.EvaluationError wrapping TypeScript Error: Could not resolve reference to actual or its a reference to void","  at test_clase2.\"La maduración se da de a saltos de 10%, hasta llegar al 100% de maduración en el que la manzana otorga 100 calorías.\" [test_clase2.wtest:25]"],"test":"test_clase2.\"La maduración se da de a saltos de 10%, hasta llegar al 100% de maduración en el que la manzana otorga 100 calorías.\""},{"error":["wollok.lib.AssertionException: Expected <100> but found <90>","  at test_clase2.\"Luego, la manzana comienza a pudrirse, y cada vez que recibe el mensaje madurar debe perder 20 calorías.\" [test_clase2.wtest:49]"],"test":"test_clase2.\"Luego, la manzana comienza a pudrirse, y cada vez que recibe el mensaje madurar debe perder 20 calorías.\""},{"error":["wollok.lib.AssertionException: Expected <100> but found <90>","  at test_clase2.\"En ningún caso la manzana podrida puede otorgar menos de 0 calorías.\" [test_clase2.wtest:67]"],"test":"test_clase2.\"En ningún caso la manzana podrida puede otorgar menos de 0 calorías.\""}],"level":"info","message":"🧪 Test runner executed matching test_clase2 on /home/rata/UTN/Carrera/2024/Paradigmas_de_Programacion/Objetos/clases","result":{"failed":5,"ok":2},"timeElapsed":2056,"timestamp":"2024-08-30T13:46:03.126Z"}
{"failures":[{"error":["wollok.lang.EvaluationError wrapping TypeScript Error: Could not resolve reference to actual or its a reference to void","  at test_clase2.\"Inicialmente la manzana otorga 50 calorías.\" [test_clase2.wtest:23]"],"test":"test_clase2.\"Inicialmente la manzana otorga 50 calorías.\""},{"error":["wollok.lang.EvaluationError wrapping TypeScript Error: Could not resolve reference to actual or its a reference to void","  at test_clase2.\"La maduración se da de a saltos de 10%, hasta llegar al 100% de maduración en el que la manzana otorga 100 calorías.\" [test_clase2.wtest:26]"],"test":"test_clase2.\"La maduración se da de a saltos de 10%, hasta llegar al 100% de maduración en el que la manzana otorga 100 calorías.\""},{"error":["wollok.lib.AssertionException: Expected <100> but found <90>","  at test_clase2.\"Luego, la manzana comienza a pudrirse, y cada vez que recibe el mensaje madurar debe perder 20 calorías.\" [test_clase2.wtest:50]"],"test":"test_clase2.\"Luego, la manzana comienza a pudrirse, y cada vez que recibe el mensaje madurar debe perder 20 calorías.\""},{"error":["wollok.lib.AssertionException: Expected <100> but found <90>","  at test_clase2.\"En ningún caso la manzana podrida puede otorgar menos de 0 calorías.\" [test_clase2.wtest:68]"],"test":"test_clase2.\"En ningún caso la manzana podrida puede otorgar menos de 0 calorías.\""}],"level":"info","message":"🧪 Test runner executed matching test_clase2 on /home/rata/UTN/Carrera/2024/Paradigmas_de_Programacion/Objetos/clases","result":{"failed":4,"ok":3},"timeElapsed":2046,"timestamp":"2024-08-30T13:46:23.090Z"}
{"failures":[{"error":["wollok.lang.EvaluationError wrapping TypeScript Error: Could not resolve reference to actual or its a reference to void","  at test_clase2.\"Inicialmente la manzana otorga 50 calorías.\" [test_clase2.wtest:23]"],"test":"test_clase2.\"Inicialmente la manzana otorga 50 calorías.\""},{"error":["wollok.lang.EvaluationError wrapping TypeScript Error: Could not resolve reference to actual or its a reference to void","  at test_clase2.\"La maduración se da de a saltos de 10%, hasta llegar al 100% de maduración en el que la manzana otorga 100 calorías.\" [test_clase2.wtest:26]"],"test":"test_clase2.\"La maduración se da de a saltos de 10%, hasta llegar al 100% de maduración en el que la manzana otorga 100 calorías.\""},{"error":["wollok.lib.AssertionException: Expected <100> but found <90>","  at test_clase2.\"Luego, la manzana comienza a pudrirse, y cada vez que recibe el mensaje madurar debe perder 20 calorías.\" [test_clase2.wtest:50]"],"test":"test_clase2.\"Luego, la manzana comienza a pudrirse, y cada vez que recibe el mensaje madurar debe perder 20 calorías.\""},{"error":["wollok.lib.AssertionException: Expected <100> but found <90>","  at test_clase2.\"En ningún caso la manzana podrida puede otorgar menos de 0 calorías.\" [test_clase2.wtest:68]"],"test":"test_clase2.\"En ningún caso la manzana podrida puede otorgar menos de 0 calorías.\""}],"level":"info","message":"🧪 Test runner executed matching test_clase2 on /home/rata/UTN/Carrera/2024/Paradigmas_de_Programacion/Objetos/clases","result":{"failed":4,"ok":3},"timeElapsed":2004,"timestamp":"2024-08-30T13:47:07.487Z"}
{"failures":[{"error":["wollok.lang.EvaluationError wrapping TypeScript Error: Could not resolve reference to actual or its a reference to void","  at test_clase2.\"Inicialmente la manzana otorga 50 calorías.\" [test_clase2.wtest:23]"],"test":"test_clase2.\"Inicialmente la manzana otorga 50 calorías.\""},{"error":["wollok.lib.AssertionException: Expected <100> but found <5000>","  at test_clase2.\"La maduración se da de a saltos de 10%, hasta llegar al 100% de maduración en el que la manzana otorga 100 calorías.\" [test_clase2.wtest:26]"],"test":"test_clase2.\"La maduración se da de a saltos de 10%, hasta llegar al 100% de maduración en el que la manzana otorga 100 calorías.\""},{"error":["wollok.lib.AssertionException: Expected <100> but found <90>","  at test_clase2.\"Luego, la manzana comienza a pudrirse, y cada vez que recibe el mensaje madurar debe perder 20 calorías.\" [test_clase2.wtest:50]"],"test":"test_clase2.\"Luego, la manzana comienza a pudrirse, y cada vez que recibe el mensaje madurar debe perder 20 calorías.\""},{"error":["wollok.lib.AssertionException: Expected <100> but found <90>","  at test_clase2.\"En ningún caso la manzana podrida puede otorgar menos de 0 calorías.\" [test_clase2.wtest:68]"],"test":"test_clase2.\"En ningún caso la manzana podrida puede otorgar menos de 0 calorías.\""}],"level":"info","message":"🧪 Test runner executed matching test_clase2 on /home/rata/UTN/Carrera/2024/Paradigmas_de_Programacion/Objetos/clases","result":{"failed":4,"ok":3},"timeElapsed":1962,"timestamp":"2024-08-30T13:49:11.668Z"}
{"failures":[{"error":["wollok.lang.EvaluationError wrapping TypeScript Error: Could not resolve reference to actual or its a reference to void","  at test_clase2.\"Inicialmente la manzana otorga 50 calorías.\" [test_clase2.wtest:23]"],"test":"test_clase2.\"Inicialmente la manzana otorga 50 calorías.\""},{"error":["wollok.lang.EvaluationError wrapping TypeScript Error: Could not resolve reference to actual or its a reference to void","  at test_clase2.\"La maduración se da de a saltos de 10%, hasta llegar al 100% de maduración en el que la manzana otorga 100 calorías.\" [test_clase2.wtest:26]"],"test":"test_clase2.\"La maduración se da de a saltos de 10%, hasta llegar al 100% de maduración en el que la manzana otorga 100 calorías.\""},{"error":["wollok.lib.AssertionException: Expected <100> but found <90>","  at test_clase2.\"Luego, la manzana comienza a pudrirse, y cada vez que recibe el mensaje madurar debe perder 20 calorías.\" [test_clase2.wtest:50]"],"test":"test_clase2.\"Luego, la manzana comienza a pudrirse, y cada vez que recibe el mensaje madurar debe perder 20 calorías.\""},{"error":["wollok.lib.AssertionException: Expected <100> but found <90>","  at test_clase2.\"En ningún caso la manzana podrida puede otorgar menos de 0 calorías.\" [test_clase2.wtest:68]"],"test":"test_clase2.\"En ningún caso la manzana podrida puede otorgar menos de 0 calorías.\""}],"level":"info","message":"🧪 Test runner executed matching test_clase2 on /home/rata/UTN/Carrera/2024/Paradigmas_de_Programacion/Objetos/clases","result":{"failed":4,"ok":3},"timeElapsed":2121,"timestamp":"2024-08-30T13:51:14.308Z"}
{"failures":[{"error":["wollok.lib.AssertionException: Expected <100> but found <90>","  at test_clase2.\"Luego, la manzana comienza a pudrirse, y cada vez que recibe el mensaje madurar debe perder 20 calorías.\" [test_clase2.wtest:50]"],"test":"test_clase2.\"Luego, la manzana comienza a pudrirse, y cada vez que recibe el mensaje madurar debe perder 20 calorías.\""},{"error":["wollok.lib.AssertionException: Expected <100> but found <90>","  at test_clase2.\"En ningún caso la manzana podrida puede otorgar menos de 0 calorías.\" [test_clase2.wtest:68]"],"test":"test_clase2.\"En ningún caso la manzana podrida puede otorgar menos de 0 calorías.\""}],"level":"info","message":"🧪 Test runner executed matching test_clase2 on /home/rata/UTN/Carrera/2024/Paradigmas_de_Programacion/Objetos/clases","result":{"failed":2,"ok":5},"timeElapsed":2007,"timestamp":"2024-08-30T13:51:36.701Z"}
{"failures":[{"error":["wollok.lib.AssertionException: Expected <100> but found <5000>","  at test_clase2.\"La maduración se da de a saltos de 10%, hasta llegar al 100% de maduración en el que la manzana otorga 100 calorías.\" [test_clase2.wtest:26]"],"test":"test_clase2.\"La maduración se da de a saltos de 10%, hasta llegar al 100% de maduración en el que la manzana otorga 100 calorías.\""},{"error":["wollok.lib.AssertionException: Expected <100> but found <90>","  at test_clase2.\"Luego, la manzana comienza a pudrirse, y cada vez que recibe el mensaje madurar debe perder 20 calorías.\" [test_clase2.wtest:50]"],"test":"test_clase2.\"Luego, la manzana comienza a pudrirse, y cada vez que recibe el mensaje madurar debe perder 20 calorías.\""},{"error":["wollok.lib.AssertionException: Expected <100> but found <90>","  at test_clase2.\"En ningún caso la manzana podrida puede otorgar menos de 0 calorías.\" [test_clase2.wtest:68]"],"test":"test_clase2.\"En ningún caso la manzana podrida puede otorgar menos de 0 calorías.\""}],"level":"info","message":"🧪 Test runner executed matching test_clase2 on /home/rata/UTN/Carrera/2024/Paradigmas_de_Programacion/Objetos/clases","result":{"failed":3,"ok":4},"timeElapsed":2046,"timestamp":"2024-08-30T13:52:11.085Z"}
{"failures":[{"error":["wollok.lib.AssertionException: Expected <100> but found <90>","  at test_clase2.\"Luego, la manzana comienza a pudrirse, y cada vez que recibe el mensaje madurar debe perder 20 calorías.\" [test_clase2.wtest:50]"],"test":"test_clase2.\"Luego, la manzana comienza a pudrirse, y cada vez que recibe el mensaje madurar debe perder 20 calorías.\""},{"error":["wollok.lib.AssertionException: Expected <100> but found <90>","  at test_clase2.\"En ningún caso la manzana podrida puede otorgar menos de 0 calorías.\" [test_clase2.wtest:68]"],"test":"test_clase2.\"En ningún caso la manzana podrida puede otorgar menos de 0 calorías.\""}],"level":"info","message":"🧪 Test runner executed matching test_clase2 on /home/rata/UTN/Carrera/2024/Paradigmas_de_Programacion/Objetos/clases","result":{"failed":2,"ok":5},"timeElapsed":2039,"timestamp":"2024-08-30T13:52:35.211Z"}
{"failures":[{"error":["wollok.lib.AssertionException: Expected <100> but found <90>","  at test_clase2.\"Luego, la manzana comienza a pudrirse, y cada vez que recibe el mensaje madurar debe perder 20 calorías.\" [test_clase2.wtest:50]"],"test":"test_clase2.\"Luego, la manzana comienza a pudrirse, y cada vez que recibe el mensaje madurar debe perder 20 calorías.\""},{"error":["wollok.lib.AssertionException: Expected <100> but found <90>","  at test_clase2.\"En ningún caso la manzana podrida puede otorgar menos de 0 calorías.\" [test_clase2.wtest:68]"],"test":"test_clase2.\"En ningún caso la manzana podrida puede otorgar menos de 0 calorías.\""}],"level":"info","message":"🧪 Test runner executed matching test_clase2 on /home/rata/UTN/Carrera/2024/Paradigmas_de_Programacion/Objetos/clases","result":{"failed":2,"ok":5},"timeElapsed":2063,"timestamp":"2024-08-30T13:54:11.072Z"}
{"failures":[{"error":["wollok.lib.AssertionException: Expected <100> but found <90>","  at test_clase2.\"Luego, la manzana comienza a pudrirse, y cada vez que recibe el mensaje madurar debe perder 20 calorías.\" [test_clase2.wtest:50]"],"test":"test_clase2.\"Luego, la manzana comienza a pudrirse, y cada vez que recibe el mensaje madurar debe perder 20 calorías.\""},{"error":["wollok.lib.AssertionException: Expected <100> but found <90>","  at test_clase2.\"En ningún caso la manzana podrida puede otorgar menos de 0 calorías.\" [test_clase2.wtest:68]"],"test":"test_clase2.\"En ningún caso la manzana podrida puede otorgar menos de 0 calorías.\""}],"level":"info","message":"🧪 Test runner executed matching test_clase2 on /home/rata/UTN/Carrera/2024/Paradigmas_de_Programacion/Objetos/clases","result":{"failed":2,"ok":5},"timeElapsed":1972,"timestamp":"2024-08-30T13:54:26.390Z"}
{"failures":[{"error":["wollok.lib.AssertionException: Expected <80> but found <90>","  at test_clase2.\"Luego, la manzana comienza a pudrirse, y cada vez que recibe el mensaje madurar debe perder 20 calorías.\" [test_clase2.wtest:50]"],"test":"test_clase2.\"Luego, la manzana comienza a pudrirse, y cada vez que recibe el mensaje madurar debe perder 20 calorías.\""},{"error":["wollok.lib.AssertionException: Expected <100> but found <90>","  at test_clase2.\"En ningún caso la manzana podrida puede otorgar menos de 0 calorías.\" [test_clase2.wtest:69]"],"test":"test_clase2.\"En ningún caso la manzana podrida puede otorgar menos de 0 calorías.\""}],"level":"info","message":"🧪 Test runner executed matching test_clase2 on /home/rata/UTN/Carrera/2024/Paradigmas_de_Programacion/Objetos/clases","result":{"failed":2,"ok":5},"timeElapsed":1964,"timestamp":"2024-08-30T13:56:08.639Z"}
{"failures":[{"error":["wollok.lib.AssertionException: Expected <80> but found <90>","  at test_clase2.\"Luego, la manzana comienza a pudrirse, y cada vez que recibe el mensaje madurar debe perder 20 calorías.\" [test_clase2.wtest:50]"],"test":"test_clase2.\"Luego, la manzana comienza a pudrirse, y cada vez que recibe el mensaje madurar debe perder 20 calorías.\""},{"error":["wollok.lib.AssertionException: Expected <0> but found <50>","  at test_clase2.\"En ningún caso la manzana podrida puede otorgar menos de 0 calorías.\" [test_clase2.wtest:69]"],"test":"test_clase2.\"En ningún caso la manzana podrida puede otorgar menos de 0 calorías.\""}],"level":"info","message":"🧪 Test runner executed matching test_clase2 on /home/rata/UTN/Carrera/2024/Paradigmas_de_Programacion/Objetos/clases","result":{"failed":2,"ok":5},"timeElapsed":2044,"timestamp":"2024-08-30T13:56:43.341Z"}
{"failures":[{"error":["wollok.lib.AssertionException: Expected <80> but found <90>","  at test_clase2.\"Luego, la manzana comienza a pudrirse, y cada vez que recibe el mensaje madurar debe perder 20 calorías.\" [test_clase2.wtest:50]"],"test":"test_clase2.\"Luego, la manzana comienza a pudrirse, y cada vez que recibe el mensaje madurar debe perder 20 calorías.\""},{"error":["wollok.lib.AssertionException: Expected <0> but found <50>","  at test_clase2.\"En ningún caso la manzana podrida puede otorgar menos de 0 calorías.\" [test_clase2.wtest:69]"],"test":"test_clase2.\"En ningún caso la manzana podrida puede otorgar menos de 0 calorías.\""}],"level":"info","message":"🧪 Test runner executed matching test_clase2 on /home/rata/UTN/Carrera/2024/Paradigmas_de_Programacion/Objetos/clases","result":{"failed":2,"ok":5},"timeElapsed":2065,"timestamp":"2024-08-30T13:57:10.514Z"}
{"failures":[],"level":"info","message":"🧪 Test runner executed matching test_clase2 on /home/rata/UTN/Carrera/2024/Paradigmas_de_Programacion/Objetos/clases","result":{"failed":0,"ok":7},"timeElapsed":1889,"timestamp":"2024-08-30T14:00:07.522Z"}
{"failures":[],"level":"info","message":"🧪 Test runner executed matching test_clase2 on /home/rata/UTN/Carrera/2024/Paradigmas_de_Programacion/Objetos/clases","result":{"failed":0,"ok":7},"timeElapsed":2041,"timestamp":"2024-08-30T14:02:11.327Z"}
{"failures":[],"level":"info","message":"🧪 Test runner executed matching test_clase2 on /home/rata/UTN/Carrera/2024/Paradigmas_de_Programacion/Objetos/clases","result":{"failed":0,"ok":7},"timeElapsed":2061,"timestamp":"2024-08-30T14:04:35.605Z"}
